[17-Apr-2025 00:45:58 Europe/Berlin] PHP Fatal error:  Uncaught Error: Call to undefined method mysqli_result::fetch() in C:\Users\firat\OneDrive\Desktop\gayrimenkul\check_foreign_keys.php:16
Stack trace:
#0 {main}
  thrown in C:\Users\firat\OneDrive\Desktop\gayrimenkul\check_foreign_keys.php on line 16
[17-Apr-2025 03:26:37 Europe/Berlin] PHP Fatal error:  Uncaught mysqli_sql_exception: Unknown database 'nuayapi' in C:\Users\firat\OneDrive\Desktop\gayrimenkul\admin\config.php:29
Stack trace:
#0 C:\Users\firat\OneDrive\Desktop\gayrimenkul\admin\config.php(29): mysqli->__construct('localhost', 'root', Object(SensitiveParameterValue), 'nuayapi')
#1 C:\Users\firat\OneDrive\Desktop\gayrimenkul\admin\check_table_structure.php(2): require_once('C:\\Users\\firat\\...')
#2 {main}
  thrown in C:\Users\firat\OneDrive\Desktop\gayrimenkul\admin\config.php on line 29
[17-Apr-2025 11:02:12 Europe/Berlin] PHP Fatal error:  Uncaught mysqli_sql_exception: Unknown database 'nuayapi' in C:\Users\firat\OneDrive\Desktop\gayrimenkul\admin\config.php:29
Stack trace:
#0 C:\Users\firat\OneDrive\Desktop\gayrimenkul\admin\config.php(29): mysqli->__construct('localhost', 'root', Object(SensitiveParameterValue), 'nuayapi')
#1 C:\Users\firat\OneDrive\Desktop\gayrimenkul\admin\fix_database.php(2): require_once('C:\\Users\\firat\\...')
#2 {main}
  thrown in C:\Users\firat\OneDrive\Desktop\gayrimenkul\admin\config.php on line 29
[17-Apr-2025 12:56:16 Europe/Berlin] PHP Fatal error:  Uncaught mysqli_sql_exception: Unknown database 'nuayapi' in C:\Users\firat\OneDrive\Desktop\gayrimenkul\admin\config.php:29
Stack trace:
#0 C:\Users\firat\OneDrive\Desktop\gayrimenkul\admin\config.php(29): mysqli->__construct('localhost', 'root', Object(SensitiveParameterValue), 'nuayapi')
#1 C:\Users\firat\OneDrive\Desktop\gayrimenkul\update_building_age.php(2): require_once('C:\\Users\\firat\\...')
#2 {main}
  thrown in C:\Users\firat\OneDrive\Desktop\gayrimenkul\admin\config.php on line 29
[17-Apr-2025 19:36:08 Europe/Berlin] PHP Fatal error:  Uncaught mysqli_sql_exception: Unknown database 'nuayapi' in C:\Users\firat\OneDrive\Desktop\gayrimenkul\admin\config.php:29
Stack trace:
#0 C:\Users\firat\OneDrive\Desktop\gayrimenkul\admin\config.php(29): mysqli->__construct('localhost', 'root', Object(SensitiveParameterValue), 'nuayapi')
#1 C:\Users\firat\OneDrive\Desktop\gayrimenkul\update_agent.php(2): require_once('C:\\Users\\firat\\...')
#2 {main}
  thrown in C:\Users\firat\OneDrive\Desktop\gayrimenkul\admin\config.php on line 29
[18-Apr-2025 19:59:25 Europe/Berlin] PHP Fatal error:  Uncaught mysqli_sql_exception: Unknown column 'square_meters' in 'field list' in C:\Users\firat\OneDrive\Desktop\gayrimenkul\check_property.php:6
Stack trace:
#0 C:\Users\firat\OneDrive\Desktop\gayrimenkul\check_property.php(6): mysqli->prepare('SELECT id, titl...')
#1 {main}
  thrown in C:\Users\firat\OneDrive\Desktop\gayrimenkul\check_property.php on line 6
